[LOG] SystemI::init                            : FMOD Studio Version: 00010800 (73592)
[LOG] SystemI::init                            : maxchannels = 1024, flags = 00030000, extradriverdata = 0x0
[LOG] SystemI::close                           : 
[LOG] SystemI::close                           : Stop all sounds
[LOG] SystemI::close                           : done.

[LOG] OutputCoreAudio::enumerate               : Enumerating...
[LOG] OutputCoreAudio::enumerate               : Found output driver: "Built-in Output".
[LOG] OutputCoreAudio::enumerate               : Found output driver: "Scarlett 2i2 USB".
[LOG] OutputCoreAudio::enumerate               : Found output driver: "Pro Tools Aggregate I/O".
[LOG] OutputCoreAudio::enumerate               : Found output driver: "Instant On Sound Effects".
[LOG] OutputCoreAudio::enumerate               : Done.
[LOG] OutputCoreAudio::init                    : Output running 2 channels at 48000Hz sample rate.
[LOG] OutputCoreAudio::init                    : Maximum hardware read size: 1024 samples, Software buffer size: 512 samples, Number of software buffers: 4.
[LOG] Thread::initThread                       : Initializing FMOD mixer thread.  priority 3
[LOG] Thread::initThread                       : - Stacksize 49152.  Stack pointer 0x0 : usesemaphore = 1 : sleeptime = 0
[LOG] Thread::callback                         : * FMOD mixer thread started
[LOG] SystemI::init                            : Set up emulated output
[LOG] SystemI::init                            : create the channel pool
[LOG] Thread::initThread                       : Initializing FMOD stream thread.  priority 2
[LOG] Thread::initThread                       : - Stacksize 65536.  Stack pointer 0x0 : usesemaphore = 0 : sleeptime = 10
[LOG] Thread::callback                         : * FMOD stream thread started
[LOG] Thread::initThread                       : Initializing FMOD Studio update thread.  priority 0
[LOG] Thread::initThread                       : - Stacksize 65536.  Stack pointer 0x0 : usesemaphore = 0 : sleeptime = 1
[LOG] Thread::callback                         : * FMOD Studio update thread started
[LOG] Thread::initThread                       : Initializing FMOD Studio sample load thread.  priority 0
[LOG] Thread::initThread                       : - Stacksize 65536.  Stack pointer 0x0 : usesemaphore = 0 : sleeptime = 1
[LOG] Thread::callback                         : * FMOD Studio sample load thread started
[LOG] LiveUpdate::init                         : 
[LOG] Thread::initThread                       : Initializing FMOD Studio bank load thread.  priority 0
[LOG] Thread::initThread                       : - Stacksize 65536.  Stack pointer 0x0 : usesemaphore = 0 : sleeptime = 1
[LOG] Thread::callback                         : * FMOD Studio bank load thread started
[LOG] Profile::init                            : Profiler listening on port: 9264
[LOG] Manager::readBank                        : fileversion = 56, compatVersion = 50 (oldest = 44, newest = 72)
[LOG] Manager::readBank                        : fileversion = 56, compatVersion = 50 (oldest = 44, newest = 72)
[WRN] ObjectLookup::get                        : Lookup failed for MixerStrip: {07fd2d06-42f4-4c32-a184-b694f2848437}
[WRN] ObjectLookup::get                        : Lookup failed for MixerStrip: {e52f9b0e-a0ca-41f9-bb64-2409c359837a}
[WRN] ObjectLookup::get                        : Lookup failed for MixerStrip: {1cf76f3c-d847-48a6-9e5c-0be06fbf4dc6}
[WRN] ObjectLookup::get                        : Lookup failed for MixerStrip: {25139e41-a4a0-4a40-bf33-216f065c8079}
[WRN] ObjectLookup::get                        : Lookup failed for MixerStrip: {42233a58-5bbd-4c8e-9187-98a59fbb58c4}
[WRN] ObjectLookup::get                        : Lookup failed for MixerStrip: {44a0825a-9005-4bc9-b4fb-e688117123e1}
[WRN] ObjectLookup::get                        : Lookup failed for MixerStrip: {731756ab-aa55-420f-8e99-0ff7cdeacbf0}
[WRN] ObjectLookup::get                        : Lookup failed for MixerStrip: {41e927b5-8904-4cc0-8077-9e33d64f73f2}
[LOG] Manager::readBank                        : fileversion = 56, compatVersion = 50 (oldest = 44, newest = 72)
[WRN] ObjectLookup::get                        : Lookup failed for MixerStrip: {1cf76f3c-d847-48a6-9e5c-0be06fbf4dc6}
[WRN] ObjectLookup::get                        : Lookup failed for MixerStrip: {41e927b5-8904-4cc0-8077-9e33d64f73f2}
[LOG] Manager::readBank                        : fileversion = 56, compatVersion = 50 (oldest = 44, newest = 72)
[WRN] ObjectLookup::get                        : Lookup failed for MixerStrip: {1cf76f3c-d847-48a6-9e5c-0be06fbf4dc6}
[WRN] ObjectLookup::get                        : Lookup failed for MixerStrip: {41e927b5-8904-4cc0-8077-9e33d64f73f2}
[LOG] Manager::readBank                        : fileversion = 56, compatVersion = 50 (oldest = 44, newest = 72)
[WRN] ObjectLookup::get                        : Lookup failed for MixerStrip: {41e927b5-8904-4cc0-8077-9e33d64f73f2}
[LOG] Manager::readBank                        : fileversion = 56, compatVersion = 50 (oldest = 44, newest = 72)
[LOG] SystemI::createSoundInternal             : filename =  : mode 0a000202
[LOG] SystemI::createSoundInternal             : exinfo->cbsize             = 232
[LOG] SystemI::createSoundInternal             : exinfo->length             = 6097888
[LOG] SystemI::createSoundInternal             : exinfo->fileoffset         = 2208
[LOG] SystemI::createSoundInternal             : exinfo->numsubsounds       = 1
[LOG] SystemI::createSoundInternal             : exinfo->inclusionlist      = 0x7000089a8b80
[LOG] SystemI::createSoundInternal             : exinfo->inclusionlistnum   = 1
[LOG] SystemI::createSoundInternal             : exinfo->suggestedsoundtype = 5
[LOG] SystemI::createSoundInternal             : exinfo->useropen           = 0x1412b381e
[LOG] SystemI::createSoundInternal             : exinfo->userclose          = 0x1412b38e9
[LOG] SystemI::createSoundInternal             : exinfo->userread           = 0x1412b3919
[LOG] SystemI::createSoundInternal             : exinfo->userseek           = 0x1412b39b6
[LOG] SystemI::createSoundInternal             : exinfo->fileuserdata       = 0x1279d6d98
[LOG] SystemI::createSoundInternal             : exinfo->initialseekpostype = 1
[LOG] SystemI::createSoundInternal             : Format has 1 subsounds.
[LOG] SystemI::createSoundInternal             : Create as FMOD_CREATESAMPLE
[LOG] SystemI::createSoundInternal             : Multi-sample sound (1 subsounds), create a sample container.
[LOG] SystemI::createSoundInternal             : creating subsound 0/1
[LOG] SystemI::createSample                    : mode 0a000202 length 9336470 samples, lengthbytes 6096160
[LOG] SystemI::createSample                    : channels = 2
[LOG] SystemI::createSample                    : output = 0x188676998
[LOG] OutputSoftware::createSample             : lengthpcm 9336470, lengthbytes 6096160, channels 2, format 2, freq 48000, mode 0a00020a
[LOG] SystemI::createSoundInternal             : done.  OpenState now = FMOD_OPENSTATE_READY.

[LOG] SystemI::createSoundInternal             : filename =  : mode 0a000202
[LOG] SystemI::createSoundInternal             : exinfo->cbsize             = 232
[LOG] SystemI::createSoundInternal             : exinfo->length             = 929920
[LOG] SystemI::createSoundInternal             : exinfo->fileoffset         = 2176
[LOG] SystemI::createSoundInternal             : exinfo->numsubsounds       = 1
[LOG] SystemI::createSoundInternal             : exinfo->inclusionlist      = 0x7000089a8b80
[LOG] SystemI::createSoundInternal             : exinfo->inclusionlistnum   = 1
[LOG] SystemI::createSoundInternal             : exinfo->suggestedsoundtype = 5
[LOG] SystemI::createSoundInternal             : exinfo->useropen           = 0x1412b381e
[LOG] SystemI::createSoundInternal             : exinfo->userclose          = 0x1412b38e9
[LOG] SystemI::createSoundInternal             : exinfo->userread           = 0x1412b3919
[LOG] SystemI::createSoundInternal             : exinfo->userseek           = 0x1412b39b6
[LOG] SystemI::createSoundInternal             : exinfo->fileuserdata       = 0x188bd6e58
[LOG] SystemI::createSoundInternal             : exinfo->initialseekpostype = 1
[LOG] SystemI::createSoundInternal             : Format has 1 subsounds.
[LOG] SystemI::createSoundInternal             : Create as FMOD_CREATESAMPLE
[LOG] SystemI::createSoundInternal             : Multi-sample sound (1 subsounds), create a sample container.
[LOG] SystemI::createSoundInternal             : creating subsound 0/1
[LOG] SystemI::createSample                    : mode 0a000202 length 2332850 samples, lengthbytes 929376
[LOG] SystemI::createSample                    : channels = 2
[LOG] SystemI::createSample                    : output = 0x188676998
[LOG] OutputSoftware::createSample             : lengthpcm 2332850, lengthbytes 929376, channels 2, format 2, freq 48000, mode 0a00020a
[LOG] SystemI::createSoundInternal             : done.  OpenState now = FMOD_OPENSTATE_READY.

[LOG] SoundI::release                          : (null) (0x142019998)
[LOG] SoundI::release                          : release subsounds. (0x142019998)
[LOG] SoundI::release                          :     (null) (0x12acae418)
[LOG] SoundI::release                          : release codec. (0x142019998)
[LOG] SystemI::createSoundInternal             : filename =  : mode 0a000202
[LOG] SystemI::createSoundInternal             : exinfo->cbsize             = 232
[LOG] SystemI::createSoundInternal             : exinfo->length             = 256352
[LOG] SystemI::createSoundInternal             : exinfo->fileoffset         = 13984
[LOG] SystemI::createSoundInternal             : exinfo->numsubsounds       = 1
[LOG] SystemI::createSoundInternal             : exinfo->inclusionlist      = 0x7000089a8b80
[LOG] SystemI::createSoundInternal             : exinfo->inclusionlistnum   = 1
[LOG] SystemI::createSoundInternal             : exinfo->suggestedsoundtype = 5
[LOG] SystemI::createSoundInternal             : exinfo->useropen           = 0x1412b381e
[LOG] SystemI::createSoundInternal             : exinfo->userclose          = 0x1412b38e9
[LOG] SystemI::createSoundInternal             : exinfo->userread           = 0x1412b3919
[LOG] SystemI::createSoundInternal             : exinfo->userseek           = 0x1412b39b6
[LOG] SystemI::createSoundInternal             : exinfo->fileuserdata       = 0x12414b508
[LOG] SystemI::createSoundInternal             : exinfo->initialseekpostype = 1
[LOG] SystemI::createSoundInternal             : Format has 1 subsounds.
[LOG] SystemI::createSoundInternal             : Create as FMOD_CREATESAMPLE
[LOG] SystemI::createSoundInternal             : Multi-sample sound (1 subsounds), create a sample container.
[LOG] SystemI::createSoundInternal             : creating subsound 0/1
[LOG] SystemI::createSample                    : mode 0a000202 length 65184 samples, lengthbytes 30240
[LOG] SystemI::createSample                    : channels = 2
[LOG] SystemI::createSample                    : output = 0x188676998
[LOG] OutputSoftware::createSample             : lengthpcm 65184, lengthbytes 30240, channels 2, format 2, freq 48000, mode 0a00020a
[LOG] SystemI::createSoundInternal             : done.  OpenState now = FMOD_OPENSTATE_READY.

[LOG] SystemI::createSoundInternal             : filename =  : mode 0a000202
[LOG] SystemI::createSoundInternal             : exinfo->cbsize             = 232
[LOG] SystemI::createSoundInternal             : exinfo->length             = 1186176
[LOG] SystemI::createSoundInternal             : exinfo->fileoffset         = 24032
[LOG] SystemI::createSoundInternal             : exinfo->numsubsounds       = 1
[LOG] SystemI::createSoundInternal             : exinfo->inclusionlist      = 0x7000089a8b80
[LOG] SystemI::createSoundInternal             : exinfo->inclusionlistnum   = 1
[LOG] SystemI::createSoundInternal             : exinfo->suggestedsoundtype = 5
[LOG] SystemI::createSoundInternal             : exinfo->useropen           = 0x1412b381e
[LOG] SystemI::createSoundInternal             : exinfo->userclose          = 0x1412b38e9
[LOG] SystemI::createSoundInternal             : exinfo->userread           = 0x1412b3919
[LOG] SystemI::createSoundInternal             : exinfo->userseek           = 0x1412b39b6
[LOG] SystemI::createSoundInternal             : exinfo->fileuserdata       = 0x12589c668
[LOG] SystemI::createSoundInternal             : exinfo->initialseekpostype = 1
[LOG] SystemI::createSoundInternal             : Format has 1 subsounds.
[LOG] SystemI::createSoundInternal             : Create as FMOD_CREATESAMPLE
[LOG] SystemI::createSoundInternal             : Multi-sample sound (1 subsounds), create a sample container.
[LOG] SystemI::createSoundInternal             : creating subsound 0/1
[LOG] SystemI::createSample                    : mode 0a000202 length 105130 samples, lengthbytes 24384
[LOG] SystemI::createSample                    : channels = 1
[LOG] SystemI::createSample                    : output = 0x188676998
[LOG] OutputSoftware::createSample             : lengthpcm 105130, lengthbytes 24384, channels 1, format 2, freq 48000, mode 0a00020a
[LOG] SystemI::createSoundInternal             : done.  OpenState now = FMOD_OPENSTATE_READY.

[LOG] SystemI::createSoundInternal             : filename =  : mode 0a000202
[LOG] SystemI::createSoundInternal             : exinfo->cbsize             = 232
[LOG] SystemI::createSoundInternal             : exinfo->length             = 1186176
[LOG] SystemI::createSoundInternal             : exinfo->fileoffset         = 24032
[LOG] SystemI::createSoundInternal             : exinfo->numsubsounds       = 1
[LOG] SystemI::createSoundInternal             : exinfo->inclusionlist      = 0x7000089a8b80
[LOG] SystemI::createSoundInternal             : exinfo->inclusionlistnum   = 1
[LOG] SystemI::createSoundInternal             : exinfo->suggestedsoundtype = 5
[LOG] SystemI::createSoundInternal             : exinfo->useropen           = 0x1412b381e
[LOG] SystemI::createSoundInternal             : exinfo->userclose          = 0x1412b38e9
[LOG] SystemI::createSoundInternal             : exinfo->userread           = 0x1412b3919
[LOG] SystemI::createSoundInternal             : exinfo->userseek           = 0x1412b39b6
[LOG] SystemI::createSoundInternal             : exinfo->fileuserdata       = 0x12589c668
[LOG] SystemI::createSoundInternal             : exinfo->initialseekpostype = 1
[LOG] SystemI::createSoundInternal             : Format has 1 subsounds.
[LOG] SystemI::createSoundInternal             : Create as FMOD_CREATESAMPLE
[LOG] SystemI::createSoundInternal             : Multi-sample sound (1 subsounds), create a sample container.
[LOG] SystemI::createSoundInternal             : creating subsound 0/1
[LOG] SystemI::createSample                    : mode 0a000202 length 43000 samples, lengthbytes 24832
[LOG] SystemI::createSample                    : channels = 2
[LOG] SystemI::createSample                    : output = 0x188676998
[LOG] OutputSoftware::createSample             : lengthpcm 43000, lengthbytes 24832, channels 2, format 2, freq 48000, mode 0a00020a
[LOG] SystemI::createSoundInternal             : done.  OpenState now = FMOD_OPENSTATE_READY.

[LOG] SoundI::release                          : (null) (0x144510ca8)
[LOG] SoundI::release                          : release subsounds. (0x144510ca8)
[LOG] SoundI::release                          :     (null) (0x18b58bcd8)
[LOG] SoundI::release                          : release codec. (0x144510ca8)
[LOG] SoundI::release                          : (null) (0x18b5dfa38)
[LOG] SoundI::release                          : release subsounds. (0x18b5dfa38)
[LOG] SoundI::release                          :     (null) (0x18b5dfb98)
[LOG] SoundI::release                          : release codec. (0x18b5dfa38)
[LOG] SoundI::release                          : (null) (0x1258be9a8)
[LOG] SoundI::release                          : release subsounds. (0x1258be9a8)
[LOG] SoundI::release                          :     (null) (0x123ebecb8)
[LOG] SoundI::release                          : release codec. (0x1258be9a8)
[LOG] SoundI::release                          : (null) (0x12414b718)
[LOG] SoundI::release                          : release subsounds. (0x12414b718)
[LOG] SoundI::release                          :     (null) (0x123ed04d8)
[LOG] SoundI::release                          : release codec. (0x12414b718)
[LOG] Thread::callback                         : * FMOD Studio update thread finished
[LOG] Thread::close                            : FMOD Studio update thread thread destroyed
[LOG] Thread::callback                         : * FMOD Studio bank load thread finished
[LOG] Thread::close                            : FMOD Studio bank load thread thread destroyed
[LOG] Profile::disconnectAll                   : Profiler disconnecting all clients
[LOG] Thread::callback                         : * FMOD Studio sample load thread finished
[LOG] Thread::close                            : FMOD Studio sample load thread thread destroyed
[LOG] LiveUpdate::release                      : 
[LOG] SystemI::close                           : 
[LOG] SystemI::close                           : Stop all sounds
[LOG] Thread::callback                         : * FMOD stream thread finished
[LOG] Thread::close                            : FMOD stream thread thread destroyed
[LOG] SystemI::close                           : Stream thread destroyed
[LOG] Thread::callback                         : * FMOD mixer thread finished
[LOG] Thread::close                            : FMOD mixer thread thread destroyed
[LOG] SystemI::close                           : Free master channel group.
[LOG] SystemI::close                           : Remove 'master' sound group.
[LOG] SystemI::close                           : Free software output.
[LOG] SystemI::close                           : Free emulated output.
[LOG] SystemI::close                           : Free channel pool.
[LOG] SystemI::close                           : done.

